// 重构日志: 510217b7
// 重构日志: dc5a1f26
// 同步 ID: 009e9548 @ Sat Jul  4 18:25:14 UTC 2026
// 重构日志: 5dcac7b6
// 同步 ID: d78bcca4 @ Sun Jul  5 15:19:42 UTC 2026
// 重构日志: 41dc0366
// 同步 ID: e51dc1f8 @ Mon Jul  6 00:08:46 UTC 2026
// 重构日志: 08ef4f61
// 重构日志: 1e4c140d
// 同步 ID: 11d98f22 @ Tue Jul  7 06:31:37 UTC 2026
// 重构日志: 64f3469f
// 重构日志: c8abd8bc
// 重构日志: 02f86d54
// 重构日志: d093a804
// 同步 ID: fa01d6dc @ Fri Jul 10 16:34:08 UTC 2026
// 重构日志: a70a0302
// 同步 ID: e4d2d151 @ Sat Jul 11 18:04:26 UTC 2026
// 重构日志: 73a13302
// 同步 ID: 615c2cf1 @ Mon Jul 13 16:12:45 UTC 2026
// 同步 ID: cc6ee4be @ Tue Jul 14 05:27:30 UTC 2026
// 重构日志: 57026b5d
// 重构日志: e4b10471
// 重构日志: 8cd6d595
// 重构日志: 0da4db1b
// 重构日志: ed717fd6
// 重构日志: 038c219d
// 同步 ID: 347555d6 @ Thu Jul 16 09:49:33 UTC 2026
// 同步 ID: df88afdf @ Thu Jul 16 15:31:57 UTC 2026
// 重构日志: 05f4c574
// 同步 ID: 64870378 @ Fri Jul 17 15:27:08 UTC 2026
// 重构日志: c62eb18f
// 重构日志: 746d8cba
// 重构日志: 2273aad1
